<?xml version="1.0" encoding="UTF-8"?>
<testsuite name="Pruebas.OnpBRCalcularLiquidacion TestSuite" tests="1" failures="1" errors="0" time="0.743"><properties><property name="java.runtime.name" value="Java(TM) SE Runtime Environment"/><property name="sun.boot.library.path" value="C:\Program Files\Java\jdk1.7.0_75\jre\bin"/><property name="java.vm.version" value="24.75-b04"/><property name="maven.multiModuleProjectDirectory" value="D:\development\workspace-github\TestRulesReapro"/><property name="java.vm.vendor" value="Oracle Corporation"/><property name="java.vendor.url" value="http://java.oracle.com/"/><property name="guice.disable.misplaced.annotation.check" value="true"/><property name="path.separator" value=";"/><property name="java.vm.name" value="Java HotSpot(TM) 64-Bit Server VM"/><property name="file.encoding.pkg" value="sun.io"/><property name="user.country" value="PE"/><property name="user.script" value=""/><property name="sun.java.launcher" value="SUN_STANDARD"/><property name="sun.os.patch.level" value="Service Pack 1"/><property name="java.vm.specification.name" value="Java Virtual Machine Specification"/><property name="user.dir" value="D:\development\workspace-github\TestRulesReapro"/><property name="java.runtime.version" value="1.7.0_75-b13"/><property name="java.awt.graphicsenv" value="sun.awt.Win32GraphicsEnvironment"/><property name="java.endorsed.dirs" value="C:\Program Files\Java\jdk1.7.0_75\jre\lib\endorsed"/><property name="os.arch" value="amd64"/><property name="java.io.tmpdir" value="C:\Users\Reapro\AppData\Local\Temp\"/><property name="line.separator" value="
"/><property name="java.vm.specification.vendor" value="Oracle Corporation"/><property name="user.variant" value=""/><property name="os.name" value="Windows 7"/><property name="classworlds.conf" value="C:\Program Files\apache-maven-3.3.9\bin\..\bin\m2.conf"/><property name="sun.jnu.encoding" value="Cp1252"/><property name="java.library.path" value="C:\Program Files\Java\jdk1.7.0_75\bin;C:\Windows\Sun\Java\bin;C:\Windows\system32;C:\Windows;c:\Program Files (x86)\Intel\iCLS Client\;c:\Program Files\Intel\iCLS Client\;C:\Windows\system32;C:\Windows;C:\Windows\System32\Wbem;C:\Windows\System32\WindowsPowerShell\v1.0\;C:\Program Files (x86)\Intel\OpenCL SDK\3.0\bin\x86;C:\Program Files (x86)\Intel\OpenCL SDK\3.0\bin\x64;C:\Program Files\Intel\WiFi\bin\;C:\Program Files\Common Files\Intel\WirelessCommon\;C:\Program Files\Intel\Intel(R) Management Engine Components\DAL;C:\Program Files\Intel\Intel(R) Management Engine Components\IPT;C:\Program Files (x86)\Intel\Intel(R) Management Engine Components\DAL;C:\Program Files (x86)\Intel\Intel(R) Management Engine Components\IPT;C:\Program Files\OpenVPN\bin;C:\Program Files\Java\jdk1.7.0_75\bin;C:\Program Files\TortoiseSVN\bin;C:\Program Files (x86)\Deployd\bin;C:\Program Files (x86)\Skype\Phone\;C:\instantclient_12_1;C:\Program Files (x86)\Heroku\bin;C:\Program Files (x86)\git\cmd;C:\Program Files (x86)\Git\cmd;C:\Program Files (x86)\Brackets\command;C:\Program Files\nodejs\;C:\Program Files\cURL\bin;C:\Program Files\IBM\ODM8_51\ODM\shared\tools\ant\bin;c:\Program Files (x86)\Intel\iCLS Client\;c:\Program Files\Intel\iCLS Client\;C:\Windows\system32;C:\Windows;C:\Windows\System32\Wbem;C:\Windows\System32\WindowsPowerShell\v1.0\;C:\Program Files (x86)\Intel\OpenCL SDK\3.0\bin\x86;C:\Program Files (x86)\Intel\OpenCL SDK\3.0\bin\x64;C:\Program Files\Intel\WiFi\bin\;C:\Program Files\Common Files\Intel\WirelessCommon\;C:\Program Files\Intel\Intel(R) Management Engine Components\DAL;C:\Program Files\Intel\Intel(R) Management Engine Components\IPT;C:\Program Files (x86)\Intel\Intel(R) Management Engine Components\DAL;C:\Program Files (x86)\Intel\Intel(R) Management Engine Components\IPT;C:\Program Files\OpenVPN\bin;C:\Program Files\Java\jdk1.7.0_75\bin;C:\Program Files\TortoiseSVN\bin;C:\Program Files (x86)\Skype\Phone\;C:\Program Files (x86)\Deployd\bin;C:\Program Files (x86)\nodejs\;C:\Users\Reapro\AppData\Local\atom\bin;C:\Program Files\apache-maven-3.3.9\bin;C:\Users\Reapro\AppData\Roaming\npm;."/><property name="sun.awt.enableExtraMouseButtons" value="true"/><property name="java.specification.name" value="Java Platform API Specification"/><property name="java.class.version" value="51.0"/><property name="sun.management.compiler" value="HotSpot 64-Bit Tiered Compilers"/><property name="os.version" value="6.1"/><property name="user.home" value="C:\Users\Reapro"/><property name="user.timezone" value="America/Bogota"/><property name="java.awt.printerjob" value="sun.awt.windows.WPrinterJob"/><property name="file.encoding" value="Cp1252"/><property name="java.specification.version" value="1.7"/><property name="java.class.path" value="C:\Program Files\apache-maven-3.3.9\bin\..\boot\plexus-classworlds-2.5.2.jar"/><property name="user.name" value="Reapro"/><property name="java.vm.specification.version" value="1.7"/><property name="sun.java.command" value="org.codehaus.plexus.classworlds.launcher.Launcher -f pom-onpBRCalcularLiquidacion.pom test"/><property name="java.home" value="C:\Program Files\Java\jdk1.7.0_75\jre"/><property name="sun.arch.data.model" value="64"/><property name="user.language" value="es"/><property name="java.specification.vendor" value="Oracle Corporation"/><property name="awt.toolkit" value="sun.awt.windows.WToolkit"/><property name="java.vm.info" value="mixed mode"/><property name="java.version" value="1.7.0_75"/><property name="java.ext.dirs" value="C:\Program Files\Java\jdk1.7.0_75\jre\lib\ext;C:\Windows\Sun\Java\lib\ext"/><property name="sun.boot.class.path" value="C:\Program Files\Java\jdk1.7.0_75\jre\lib\resources.jar;C:\Program Files\Java\jdk1.7.0_75\jre\lib\rt.jar;C:\Program Files\Java\jdk1.7.0_75\jre\lib\sunrsasign.jar;C:\Program Files\Java\jdk1.7.0_75\jre\lib\jsse.jar;C:\Program Files\Java\jdk1.7.0_75\jre\lib\jce.jar;C:\Program Files\Java\jdk1.7.0_75\jre\lib\charsets.jar;C:\Program Files\Java\jdk1.7.0_75\jre\lib\jfr.jar;C:\Program Files\Java\jdk1.7.0_75\jre\classes"/><property name="java.vendor" value="Oracle Corporation"/><property name="maven.home" value="C:\Program Files\apache-maven-3.3.9\bin\.."/><property name="file.separator" value="\"/><property name="java.vendor.url.bug" value="http://bugreport.sun.com/bugreport/"/><property name="sun.io.unicode.encoding" value="UnicodeLittle"/><property name="sun.cpu.endian" value="little"/><property name="sun.desktop" value="windows"/><property name="sun.cpu.isalist" value="amd64"/></properties><testcase name="19990 - Invalidez" time="0.743"><failure type="Cancelling due to failed test step" message="Cancelling due to failed test step"><![CDATA[<h3><b>Pension Invalidez - Art. 25a Failed</b></h3><pre>[Contains] Missing token [<listaLiquidaciones xmlns="http://onp.gob.pe/reglasnegocio/schema/BRCalcularLiquidacion">
            <listaLiquidaciones xmlns="" xmlns:ns0="http://onp.gob.pe/reglasnegocio/schema">
               <ns0:liquidaciones>
                  <ns0:remuneracionReferencia>
                     <ns0:montoRemuneracionReferencia>
                        <ns0:importe>785.32</ns0:importe>
                        <ns0:tipoMoneda>
                           <ns0:codigo>NS</ns0:codigo>
                        </ns0:tipoMoneda>
                     </ns0:montoRemuneracionReferencia>
                  </ns0:remuneracionReferencia>
                  <ns0:incrementosPorHijos>
                     <ns0:montoTotalIncrementos>
                        <ns0:importe>0.0</ns0:importe>
                     </ns0:montoTotalIncrementos>
                  </ns0:incrementosPorHijos>
                  <ns0:incrementoPorConyuge>
                     <ns0:porcentajeIncremento>0.0</ns0:porcentajeIncremento>
                     <ns0:montoIncremento>
                        <ns0:importe>0.0</ns0:importe>
                     </ns0:montoIncremento>
                  </ns0:incrementoPorConyuge>
                  <ns0:fechaContingencia>2014-09-19</ns0:fechaContingencia>
                  <ns0:fechaInicioPension>2015-07-01</ns0:fechaInicioPension>
                  <ns0:dispositvosLegales>
                     <ns0:dispositivoLegal>
                        <ns0:denominacion>R_19990</ns0:denominacion>
                        <ns0:tipoPension>
                           <ns0:codigo>PENS_INVA</ns0:codigo>
                        </ns0:tipoPension>
                        <ns0:articulo>25</ns0:articulo>
                        <ns0:observacion>
                           <ns0:codigo>CONC_BLEG_ANIO_APOR</ns0:codigo>
                        </ns0:observacion>
                        <ns0:inciso>a</ns0:inciso>
                     </ns0:dispositivoLegal>
                     <ns0:dispositivoLegal>
                        <ns0:denominacion>R_19990</ns0:denominacion>
                        <ns0:tipoPension>
                           <ns0:codigo>PENS_INVA</ns0:codigo>
                        </ns0:tipoPension>
                        <ns0:articulo>76</ns0:articulo>
                        <ns0:observacion>
                           <ns0:codigo>CONC_BLEG_CALC_RR</ns0:codigo>
                        </ns0:observacion>
                        <ns0:indicadorPensionable>true</ns0:indicadorPensionable>
                     </ns0:dispositivoLegal>
                     <ns0:dispositivoLegal>
                        <ns0:denominacion>R_19990</ns0:denominacion>
                        <ns0:tipoPension>
                           <ns0:codigo>PENS_INVA</ns0:codigo>
                        </ns0:tipoPension>
                        <ns0:articulo>27</ns0:articulo>
                        <ns0:observacion>
                           <ns0:codigo>CONC_BLEG_CALC_SUBT</ns0:codigo>
                        </ns0:observacion>
                        <ns0:indicadorPensionable>true</ns0:indicadorPensionable>
                     </ns0:dispositivoLegal>
                     <ns0:dispositivoLegal>
                        <ns0:denominacion>R_19990</ns0:denominacion>
                        <ns0:tipoPension>
                           <ns0:codigo>PENS_INVA</ns0:codigo>
                        </ns0:tipoPension>
                        <ns0:articulo>81</ns0:articulo>
                        <ns0:observacion>
                           <ns0:codigo>CONC_BLEG_DEVN</ns0:codigo>
                        </ns0:observacion>
                        <ns0:indicadorPensionable>true</ns0:indicadorPensionable>
                     </ns0:dispositivoLegal>
                  </ns0:dispositvosLegales>
                  <ns0:totalPension>
                     <ns0:montoTotal>
                        <ns0:importe>502.60</ns0:importe>
                        <ns0:tipoMoneda>
                           <ns0:codigo>NS</ns0:codigo>
                        </ns0:tipoMoneda>
                     </ns0:montoTotal>
                     <ns0:montoFinal>
                        <ns0:importe>502.60</ns0:importe>
                        <ns0:tipoMoneda>
                           <ns0:codigo>NS</ns0:codigo>
                        </ns0:tipoMoneda>
                     </ns0:montoFinal>
                  </ns0:totalPension>
                  <ns0:subTotal>
                     <ns0:monto>
                        <ns0:importe>502.60</ns0:importe>
                        <ns0:tipoMoneda>
                           <ns0:codigo>NS</ns0:codigo>
                        </ns0:tipoMoneda>
                     </ns0:monto>
                     <ns0:porcentajeAniosBase>50.0</ns0:porcentajeAniosBase>
                     <ns0:cantidadAniosBase>3</ns0:cantidadAniosBase>
                     <ns0:porcentajeAniosAdicionales>1.0</ns0:porcentajeAniosAdicionales>
                     <ns0:cantidadAniosAdicionales>14</ns0:cantidadAniosAdicionales>
                  </ns0:subTotal>
                  <ns0:resultadoReajuste/>
                  <ns0:leyPrincipal>
                     <ns0:denominacion>L_25967</ns0:denominacion>
                     <ns0:tipoPension>
                        <ns0:codigo>PENS_INVA</ns0:codigo>
                     </ns0:tipoPension>
                     <ns0:articulo>25</ns0:articulo>
                     <ns0:observacion>
                        <ns0:codigo/>
                     </ns0:observacion>
                     <ns0:indicadorPensionable>true</ns0:indicadorPensionable>
                     <ns0:inciso/>
                  </ns0:leyPrincipal>
                  <ns0:identificadorLiquidacion>1</ns0:identificadorLiquidacion>
                  <ns0:cantidadRemuneracionesCalculo>212</ns0:cantidadRemuneracionesCalculo>
                  <ns0:fechaCeseCalculo>2015-06-30</ns0:fechaCeseCalculo>
                  <ns0:indicadorPensionSolicitada>true</ns0:indicadorPensionSolicitada>
                  <ns0:conceptosPago>
                     <ns0:codigo>0001</ns0:codigo>
                     <ns0:montoConcepto>
                        <ns0:importe>502.60</ns0:importe>
                     </ns0:montoConcepto>
                     <ns0:fecha>2015-07-01</ns0:fecha>
                     <ns0:indicadorConceptoDevengado>false</ns0:indicadorConceptoDevengado>
                  </ns0:conceptosPago>
                  <ns0:conceptosPago>
                     <ns0:codigo>0878</ns0:codigo>
                     <ns0:montoConcepto>
                        <ns0:importe>6952.63</ns0:importe>
                     </ns0:montoConcepto>
                     <ns0:fecha>2016-11-01</ns0:fecha>
                     <ns0:indicadorConceptoDevengado>true</ns0:indicadorConceptoDevengado>
                  </ns0:conceptosPago>
                  <ns0:conceptosPago>
                     <ns0:codigo>0678</ns0:codigo>
                     <ns0:montoConcepto>
                        <ns0:importe>1005.20</ns0:importe>
                     </ns0:montoConcepto>
                     <ns0:fecha>2016-11-01</ns0:fecha>
                     <ns0:indicadorConceptoDevengado>true</ns0:indicadorConceptoDevengado>
                  </ns0:conceptosPago>
                  <ns0:parametrosCalculo>
                     <ns0:codigo>PEN_INI</ns0:codigo>
                     <ns0:parametroMonto>
                        <ns0:importe>502.60</ns0:importe>
                     </ns0:parametroMonto>
                  </ns0:parametrosCalculo>
                  <ns0:parametrosCalculo>
                     <ns0:codigo>IN_RES_PROR_INV_PEM</ns0:codigo>
                     <ns0:parametroIndicador>0</ns0:parametroIndicador>
                  </ns0:parametrosCalculo>
                  <ns0:parametrosCalculo>
                     <ns0:codigo>IND_EXCEDE_TOPE</ns0:codigo>
                     <ns0:parametroIndicador>1</ns0:parametroIndicador>
                  </ns0:parametrosCalculo>
                  <ns0:parametrosCalculo>
                     <ns0:codigo>TOPE_INST</ns0:codigo>
                     <ns0:parametroMonto>
                        <ns0:importe>857.36</ns0:importe>
                     </ns0:parametroMonto>
                  </ns0:parametrosCalculo>
                  <ns0:parametrosCalculo>
                     <ns0:codigo>IND_PERM</ns0:codigo>
                     <ns0:parametroIndicador>1</ns0:parametroIndicador>
                  </ns0:parametrosCalculo>
                  <ns0:parametrosCalculo>
                     <ns0:codigo>DESCRIP</ns0:codigo>
                     <ns0:parametroIndicador>57</ns0:parametroIndicador>
                  </ns0:parametrosCalculo>
                  <ns0:parametrosCalculo>
                     <ns0:codigo>BON_INVAL</ns0:codigo>
                     <ns0:parametroIndicadorLogico>false</ns0:parametroIndicadorLogico>
                  </ns0:parametrosCalculo>
                  <ns0:parametrosCalculo>
                     <ns0:codigo>PEN_PROV</ns0:codigo>
                     <ns0:parametroIndicadorLogico>false</ns0:parametroIndicadorLogico>
                  </ns0:parametrosCalculo>
                  <ns0:parametrosCalculo>
                     <ns0:codigo>BGI_COMP</ns0:codigo>
                     <ns0:parametroIndicadorLogico>false</ns0:parametroIndicadorLogico>
                  </ns0:parametrosCalculo>
                  <ns0:parametrosCalculo>
                     <ns0:codigo>IN_RES_PROR_INV</ns0:codigo>
                     <ns0:parametroIndicador>0</ns0:parametroIndicador>
                  </ns0:parametrosCalculo>
                  <ns0:parametrosCalculo>
                     <ns0:codigo>TI_PERIODO</ns0:codigo>
                     <ns0:parametroIndicador>AN</ns0:parametroIndicador>
                  </ns0:parametrosCalculo>
                  <ns0:parametrosCalculo>
                     <ns0:codigo>IND_27561</ns0:codigo>
                     <ns0:parametroIndicador>N</ns0:parametroIndicador>
                  </ns0:parametrosCalculo>
                  <ns0:parametrosCalculo>
                     <ns0:codigo>TIP_PEN</ns0:codigo>
                     <ns0:parametroIndicador>D</ns0:parametroIndicador>
                  </ns0:parametrosCalculo>
                  <ns0:parametrosCalculo>
                     <ns0:codigo>IN_NETEO</ns0:codigo>
                     <ns0:parametroIndicador>1</ns0:parametroIndicador>
                  </ns0:parametrosCalculo>
                  <ns0:parametrosCalculo>
                     <ns0:codigo>DS092</ns0:codigo>
                     <ns0:parametroIndicadorLogico>true</ns0:parametroIndicadorLogico>
                  </ns0:parametrosCalculo>
                  <ns0:conceptosIntermedios>
                     <ns0:codigo>CONC_BLEG_CALC_RR</ns0:codigo>
                     <ns0:mensaje>Cálculo de la Remuneración de Referencia (RR)</ns0:mensaje>
                     <ns0:montoConceptoIntermedio>
                        <ns0:importe>785.32</ns0:importe>
                     </ns0:montoConceptoIntermedio>
                  </ns0:conceptosIntermedios>
                  <ns0:conceptosIntermedios>
                     <ns0:codigo>CONC_SUBT_BASE</ns0:codigo>
                     <ns0:mensaje>50.0% por los primeros 3 años de aportacion</ns0:mensaje>
                     <ns0:montoConceptoIntermedio>
                        <ns0:importe>392.66</ns0:importe>
                     </ns0:montoConceptoIntermedio>
                  </ns0:conceptosIntermedios>
                  <ns0:conceptosIntermedios>
                     <ns0:codigo>CONC_SUBT_ADIC</ns0:codigo>
                     <ns0:mensaje>1.0% por 14 años de aportacion que exceden los 3 primeros años</ns0:mensaje>
                     <ns0:montoConceptoIntermedio>
                        <ns0:importe>109.94</ns0:importe>
                     </ns0:montoConceptoIntermedio>
                  </ns0:conceptosIntermedios>
                  <ns0:conceptosIntermedios>
                     <ns0:codigo>CONC_BLEG_CALC_SUBT</ns0:codigo>
                     <ns0:mensaje>Subtotal pension mensual</ns0:mensaje>
                     <ns0:montoConceptoIntermedio>
                        <ns0:importe>502.60</ns0:importe>
                     </ns0:montoConceptoIntermedio>
                  </ns0:conceptosIntermedios>
                  <ns0:periodosDevengados>
                     <ns0:periodoDevengados>
                        <ns0:fechaInicioPeriodoDevengado>2015-09-06</ns0:fechaInicioPeriodoDevengado>
                        <ns0:fechaFinPeriodoDevengado>2015-09-30</ns0:fechaFinPeriodoDevengado>
                        <ns0:conceptos>
                           <ns0:codigo>0001</ns0:codigo>
                           <ns0:montoConcepto>
                              <ns0:importe>418.83</ns0:importe>
                           </ns0:montoConcepto>
                           <ns0:indicadorMontoAfecto>true</ns0:indicadorMontoAfecto>
                        </ns0:conceptos>
                        <ns0:montoPeriodo>
                           <ns0:importe>0</ns0:importe>
                           <ns0:tipoMoneda>
                              <ns0:codigo/>
                           </ns0:tipoMoneda>
                        </ns0:montoPeriodo>
                        <ns0:totalCalculadoPeriodo>
                           <ns0:importe>418.83</ns0:importe>
                        </ns0:totalCalculadoPeriodo>
                     </ns0:periodoDevengados>
                     <ns0:periodoDevengados>
                        <ns0:fechaInicioPeriodoDevengado>2015-10-01</ns0:fechaInicioPeriodoDevengado>
                        <ns0:fechaFinPeriodoDevengado>2016-01-31</ns0:fechaFinPeriodoDevengado>
                        <ns0:conceptos>
                           <ns0:codigo>0001</ns0:codigo>
                           <ns0:montoConcepto>
                              <ns0:importe>2010.40</ns0:importe>
                           </ns0:montoConcepto>
                           <ns0:indicadorMontoAfecto>true</ns0:indicadorMontoAfecto>
                        </ns0:conceptos>
                        <ns0:conceptos>
                           <ns0:codigo>0801</ns0:codigo>
                           <ns0:montoConcepto>
                              <ns0:importe>502.60</ns0:importe>
                           </ns0:montoConcepto>
                           <ns0:indicadorMontoAfecto>false</ns0:indicadorMontoAfecto>
                        </ns0:conceptos>
                        <ns0:montoPeriodo>
                           <ns0:importe>0</ns0:importe>
                           <ns0:tipoMoneda>
                              <ns0:codigo/>
                           </ns0:tipoMoneda>
                        </ns0:montoPeriodo>
                        <ns0:totalCalculadoPeriodo>
                           <ns0:importe>2513.00</ns0:importe>
                        </ns0:totalCalculadoPeriodo>
                     </ns0:periodoDevengados>
                     <ns0:periodoDevengados>
                        <ns0:fechaInicioPeriodoDevengado>2016-02-01</ns0:fechaInicioPeriodoDevengado>
                        <ns0:fechaFinPeriodoDevengado>2016-08-31</ns0:fechaFinPeriodoDevengado>
                        <ns0:conceptos>
                           <ns0:codigo>0001</ns0:codigo>
                           <ns0:montoConcepto>
                              <ns0:importe>3518.20</ns0:importe>
                           </ns0:montoConcepto>
                           <ns0:indicadorMontoAfecto>true</ns0:indicadorMontoAfecto>
                        </ns0:conceptos>
                        <ns0:conceptos>
                           <ns0:codigo>0801</ns0:codigo>
                           <ns0:montoConcepto>
                              <ns0:importe>502.60</ns0:importe>
                           </ns0:montoConcepto>
                           <ns0:indicadorMontoAfecto>false</ns0:indicadorMontoAfecto>
                        </ns0:conceptos>
                        <ns0:montoPeriodo>
                           <ns0:importe>0</ns0:importe>
                           <ns0:tipoMoneda>
                              <ns0:codigo/>
                           </ns0:tipoMoneda>
                        </ns0:montoPeriodo>
                        <ns0:totalCalculadoPeriodo>
                           <ns0:importe>4020.80</ns0:importe>
                        </ns0:totalCalculadoPeriodo>
                     </ns0:periodoDevengados>
                     <ns0:periodoDevengados>
                        <ns0:fechaInicioPeriodoDevengado>2016-09-01</ns0:fechaInicioPeriodoDevengado>
                        <ns0:fechaFinPeriodoDevengado>2016-10-31</ns0:fechaFinPeriodoDevengado>
                        <ns0:conceptos>
                           <ns0:codigo>0001</ns0:codigo>
                           <ns0:montoConcepto>
                              <ns0:importe>1005.20</ns0:importe>
                           </ns0:montoConcepto>
                           <ns0:indicadorMontoAfecto>true</ns0:indicadorMontoAfecto>
                        </ns0:conceptos>
                        <ns0:montoPeriodo>
                           <ns0:importe>0</ns0:importe>
                           <ns0:tipoMoneda>
                              <ns0:codigo/>
                           </ns0:tipoMoneda>
                        </ns0:montoPeriodo>
                        <ns0:totalCalculadoPeriodo>
                           <ns0:importe>1005.20</ns0:importe>
                        </ns0:totalCalculadoPeriodo>
                     </ns0:periodoDevengados>
                     <ns0:montoDevengadoTotalCalculado>
                        <ns0:importe>7957.83</ns0:importe>
                        <ns0:tipoMoneda>
                           <ns0:codigo/>
                        </ns0:tipoMoneda>
                     </ns0:montoDevengadoTotalCalculado>
                  </ns0:periodosDevengados>
                  <ns0:tipoPrestacion>
                     <ns0:codigo>PRST_INVA</ns0:codigo>
                  </ns0:tipoPrestacion>
                  <ns0:idPersona>9779178</ns0:idPersona>
                  <ns0:indicadorCalculado>true</ns0:indicadorCalculado>
                  <ns0:datosIntegracion>
                     <ns0:codigo>CODI_OPER_INTE</ns0:codigo>
                     <ns0:detalle>OTPEIN</ns0:detalle>
                  </ns0:datosIntegracion>
               </ns0:liquidaciones>
            </listaLiquidaciones>
         </listaLiquidaciones>] in Response
</pre><hr/>]]></failure></testcase></testsuite>